<?xml version="1.0" encoding="UTF-8"?>
<testng-results skipped="0" failed="1" ignored="0" total="3" passed="2">
  <reporter-output>
  </reporter-output>
  <suite name="Default suite" duration-ms="3282" started-at="2018-12-18T19:01:07Z" finished-at="2018-12-18T19:01:11Z">
    <groups>
    </groups>
    <test name="Default test" duration-ms="3282" started-at="2018-12-18T19:01:07Z" finished-at="2018-12-18T19:01:11Z">
      <class name="tests.GetDetails">
        <test-method status="PASS" signature="setup()[pri:0, instance:tests.GetDetails@ad498c]" name="setup" is-config="true" duration-ms="439" started-at="2018-12-18T19:01:07Z" finished-at="2018-12-18T19:01:08Z">
          <reporter-output>
          </reporter-output>
        </test-method> <!-- setup -->
        <test-method status="PASS" signature="TC01_getStatusOFTweet()[pri:0, instance:tests.GetDetails@ad498c]" name="TC01_getStatusOFTweet" duration-ms="1742" started-at="2018-12-18T19:01:08Z" finished-at="2018-12-18T19:01:10Z">
          <reporter-output>
          </reporter-output>
        </test-method> <!-- TC01_getStatusOFTweet -->
        <test-method status="PASS" signature="TC02_creationOfTweet()[pri:0, instance:tests.GetDetails@ad498c]" name="TC02_creationOfTweet" duration-ms="584" started-at="2018-12-18T19:01:10Z" finished-at="2018-12-18T19:01:10Z">
          <reporter-output>
          </reporter-output>
        </test-method> <!-- TC02_creationOfTweet -->
        <test-method status="FAIL" signature="TC03_deletionOfTweet()[pri:0, instance:tests.GetDetails@ad498c]" name="TC03_deletionOfTweet" duration-ms="500" started-at="2018-12-18T19:01:10Z" finished-at="2018-12-18T19:01:11Z">
          <exception class="java.lang.AssertionError">
            <message>
              <![CDATA[Data Could not be fetched expected [true] but found [false]]]>
            </message>
            <full-stacktrace>
              <![CDATA[java.lang.AssertionError: Data Could not be fetched expected [true] but found [false]
at org.testng.Assert.fail(Assert.java:96)
at org.testng.Assert.failNotEquals(Assert.java:776)
at org.testng.Assert.assertTrue(Assert.java:44)
at tests.GetDetails.TC03_deletionOfTweet(GetDetails.java:58)
at sun.reflect.NativeMethodAccessorImpl.invoke0(Native Method)
at sun.reflect.NativeMethodAccessorImpl.invoke(NativeMethodAccessorImpl.java:62)
at sun.reflect.DelegatingMethodAccessorImpl.invoke(DelegatingMethodAccessorImpl.java:43)
at java.lang.reflect.Method.invoke(Method.java:498)
at org.testng.internal.MethodInvocationHelper.invokeMethod(MethodInvocationHelper.java:124)
at org.testng.internal.Invoker.invokeMethod(Invoker.java:583)
at org.testng.internal.Invoker.invokeTestMethod(Invoker.java:719)
at org.testng.internal.Invoker.invokeTestMethods(Invoker.java:989)
at org.testng.internal.TestMethodWorker.invokeTestMethods(TestMethodWorker.java:125)
at org.testng.internal.TestMethodWorker.run(TestMethodWorker.java:109)
at org.testng.TestRunner.privateRun(TestRunner.java:648)
at org.testng.TestRunner.run(TestRunner.java:505)
at org.testng.SuiteRunner.runTest(SuiteRunner.java:455)
at org.testng.SuiteRunner.runSequentially(SuiteRunner.java:450)
at org.testng.SuiteRunner.privateRun(SuiteRunner.java:415)
at org.testng.SuiteRunner.run(SuiteRunner.java:364)
at org.testng.SuiteRunnerWorker.runSuite(SuiteRunnerWorker.java:52)
at org.testng.SuiteRunnerWorker.run(SuiteRunnerWorker.java:84)
at org.testng.TestNG.runSuitesSequentially(TestNG.java:1208)
at org.testng.TestNG.runSuitesLocally(TestNG.java:1137)
at org.testng.TestNG.runSuites(TestNG.java:1049)
at org.testng.TestNG.run(TestNG.java:1017)
at org.testng.remote.AbstractRemoteTestNG.run(AbstractRemoteTestNG.java:132)
at org.testng.remote.RemoteTestNG.initAndRun(RemoteTestNG.java:230)
at org.testng.remote.RemoteTestNG.main(RemoteTestNG.java:76)
]]>
            </full-stacktrace>
          </exception> <!-- java.lang.AssertionError -->
          <reporter-output>
          </reporter-output>
        </test-method> <!-- TC03_deletionOfTweet -->
      </class> <!-- tests.GetDetails -->
    </test> <!-- Default test -->
  </suite> <!-- Default suite -->
</testng-results>
